2023-05-14 23:05:952 INFO  LoginPage :32 - enterUserName : [[ChromeDriver: chrome on WINDOWS (18b5ccd1ab735c43ebc940fd42892bb6)] -> id: user-name]
2023-05-14 23:05:66 INFO  LoginPage :37 - enterPassword : [[ChromeDriver: chrome on WINDOWS (18b5ccd1ab735c43ebc940fd42892bb6)] -> id: password]
2023-05-14 23:05:124 INFO  LoginPage :42 - click on login button : [[ChromeDriver: chrome on WINDOWS (18b5ccd1ab735c43ebc940fd42892bb6)] -> id: login-button]
2023-05-14 23:05:419 INFO  LoginPage :32 - enterUserName : [[ChromeDriver: chrome on WINDOWS (e96011d4f61b429e33ebd8a6a0237035)] -> id: user-name]
2023-05-14 23:05:548 INFO  LoginPage :37 - enterPassword : [[ChromeDriver: chrome on WINDOWS (e96011d4f61b429e33ebd8a6a0237035)] -> id: password]
2023-05-14 23:05:635 INFO  LoginPage :42 - click on login button : [[ChromeDriver: chrome on WINDOWS (e96011d4f61b429e33ebd8a6a0237035)] -> id: login-button]
2023-05-14 23:05:583 INFO  LoginPage :32 - enterUserName : [[ChromeDriver: chrome on WINDOWS (552455fdd0ac97f44b641afaf6215ec7)] -> id: user-name]
2023-05-14 23:05:738 INFO  LoginPage :37 - enterPassword : [[ChromeDriver: chrome on WINDOWS (552455fdd0ac97f44b641afaf6215ec7)] -> id: password]
2023-05-14 23:05:844 INFO  LoginPage :42 - click on login button : [[ChromeDriver: chrome on WINDOWS (552455fdd0ac97f44b641afaf6215ec7)] -> id: login-button]
2023-05-14 23:05:794 INFO  LoginPage :32 - enterUserName : [[ChromeDriver: chrome on WINDOWS (d2e6c689e8e8cc9c4db8e399885aab59)] -> id: user-name]
2023-05-14 23:05:946 INFO  LoginPage :37 - enterPassword : [[ChromeDriver: chrome on WINDOWS (d2e6c689e8e8cc9c4db8e399885aab59)] -> id: password]
2023-05-14 23:05:17 INFO  LoginPage :42 - click on login button : [[ChromeDriver: chrome on WINDOWS (d2e6c689e8e8cc9c4db8e399885aab59)] -> id: login-button]
2023-05-14 23:05:150 INFO  ProductPage :28 - Getting text from : [[ChromeDriver: chrome on WINDOWS (d2e6c689e8e8cc9c4db8e399885aab59)] -> xpath: //span[contains(text(),'Products')]]
2023-05-14 23:05:198 INFO  LoginPage :32 - enterUserName : [[ChromeDriver: chrome on WINDOWS (0d7b357295bc050fea3d88dc7020df82)] -> id: user-name]
2023-05-14 23:05:304 INFO  LoginPage :37 - enterPassword : [[ChromeDriver: chrome on WINDOWS (0d7b357295bc050fea3d88dc7020df82)] -> id: password]
2023-05-14 23:05:385 INFO  LoginPage :42 - click on login button : [[ChromeDriver: chrome on WINDOWS (0d7b357295bc050fea3d88dc7020df82)] -> id: login-button]
2023-05-14 23:05:522 INFO  ProductPage :28 - Getting text from : [[ChromeDriver: chrome on WINDOWS (0d7b357295bc050fea3d88dc7020df82)] -> xpath: //span[contains(text(),'Products')]]
2023-05-14 23:05:771 INFO  LoginPage :32 - enterUserName : [[ChromeDriver: chrome on WINDOWS (c9bb6362fdf1aeb1a1d12ca71aba9e8d)] -> id: user-name]
2023-05-14 23:05:876 INFO  LoginPage :37 - enterPassword : [[ChromeDriver: chrome on WINDOWS (c9bb6362fdf1aeb1a1d12ca71aba9e8d)] -> id: password]
2023-05-14 23:05:967 INFO  LoginPage :42 - click on login button : [[ChromeDriver: chrome on WINDOWS (c9bb6362fdf1aeb1a1d12ca71aba9e8d)] -> id: login-button]
2023-05-14 23:05:128 INFO  ProductPage :32 - Finding Number of products : [[[ChromeDriver: chrome on WINDOWS (c9bb6362fdf1aeb1a1d12ca71aba9e8d)] -> xpath: //div[@class='inventory_item']], [[ChromeDriver: chrome on WINDOWS (c9bb6362fdf1aeb1a1d12ca71aba9e8d)] -> xpath: //div[@class='inventory_item']], [[ChromeDriver: chrome on WINDOWS (c9bb6362fdf1aeb1a1d12ca71aba9e8d)] -> xpath: //div[@class='inventory_item']], [[ChromeDriver: chrome on WINDOWS (c9bb6362fdf1aeb1a1d12ca71aba9e8d)] -> xpath: //div[@class='inventory_item']], [[ChromeDriver: chrome on WINDOWS (c9bb6362fdf1aeb1a1d12ca71aba9e8d)] -> xpath: //div[@class='inventory_item']], [[ChromeDriver: chrome on WINDOWS (c9bb6362fdf1aeb1a1d12ca71aba9e8d)] -> xpath: //div[@class='inventory_item']]]
2023-05-14 23:05:887 INFO  LoginPage :32 - enterUserName : [[ChromeDriver: chrome on WINDOWS (61387bf6e7e0de6b62cac1e7561ab5a0)] -> id: user-name]
2023-05-14 23:05:08 INFO  LoginPage :37 - enterPassword : [[ChromeDriver: chrome on WINDOWS (61387bf6e7e0de6b62cac1e7561ab5a0)] -> id: password]
2023-05-14 23:05:90 INFO  LoginPage :42 - click on login button : [[ChromeDriver: chrome on WINDOWS (61387bf6e7e0de6b62cac1e7561ab5a0)] -> id: login-button]
2023-05-14 23:05:209 INFO  ProductPage :32 - Finding Number of products : [[[ChromeDriver: chrome on WINDOWS (61387bf6e7e0de6b62cac1e7561ab5a0)] -> xpath: //div[@class='inventory_item']], [[ChromeDriver: chrome on WINDOWS (61387bf6e7e0de6b62cac1e7561ab5a0)] -> xpath: //div[@class='inventory_item']], [[ChromeDriver: chrome on WINDOWS (61387bf6e7e0de6b62cac1e7561ab5a0)] -> xpath: //div[@class='inventory_item']], [[ChromeDriver: chrome on WINDOWS (61387bf6e7e0de6b62cac1e7561ab5a0)] -> xpath: //div[@class='inventory_item']], [[ChromeDriver: chrome on WINDOWS (61387bf6e7e0de6b62cac1e7561ab5a0)] -> xpath: //div[@class='inventory_item']], [[ChromeDriver: chrome on WINDOWS (61387bf6e7e0de6b62cac1e7561ab5a0)] -> xpath: //div[@class='inventory_item']]]
